c:\users\mykha\desktop\cudalessons\rippleheat\rippleheat\debug\vc142.pdb
c:\users\mykha\desktop\cudalessons\rippleheat\rippleheat\debug\vc142.idb
c:\users\mykha\desktop\cudalessons\rippleheat\rippleheat\debug\cube.obj
c:\users\mykha\desktop\cudalessons\rippleheat\rippleheat\debug\shader.obj
c:\users\mykha\desktop\cudalessons\rippleheat\rippleheat\debug\controls.obj
debug\heat.cu.obj
debug\ray.cu.obj
debug\ripple_heat.cu.obj
debug\ripple.cu.obj
c:\users\mykha\desktop\cudalessons\rippleheat\rippleheat\debug\heat.cu.cache
c:\users\mykha\desktop\cudalessons\rippleheat\rippleheat\debug\ray.cu.cache
c:\users\mykha\desktop\cudalessons\rippleheat\rippleheat\debug\ripple.cu.cache
c:\users\mykha\desktop\cudalessons\rippleheat\rippleheat\debug\ripple_heat.cu.cache
c:\users\mykha\desktop\cudalessons\rippleheat\rippleheat\debug\heat.cu.obj
c:\users\mykha\desktop\cudalessons\rippleheat\rippleheat\debug\ray.cu.obj
c:\users\mykha\desktop\cudalessons\rippleheat\rippleheat\debug\ripple.cu.obj
c:\users\mykha\desktop\cudalessons\rippleheat\rippleheat\debug\ripple_heat.cu.obj
c:\users\mykha\desktop\cudalessons\rippleheat\debug\rippleheat.pdb
c:\users\mykha\desktop\cudalessons\rippleheat\rippleheat\debug\rippleheat.tlog\cl.command.1.tlog
c:\users\mykha\desktop\cudalessons\rippleheat\rippleheat\debug\rippleheat.tlog\cl.read.1.tlog
c:\users\mykha\desktop\cudalessons\rippleheat\rippleheat\debug\rippleheat.tlog\cl.write.1.tlog
c:\users\mykha\desktop\cudalessons\rippleheat\rippleheat\debug\rippleheat.tlog\cudacompile.read.1u.tlog
c:\users\mykha\desktop\cudalessons\rippleheat\rippleheat\debug\rippleheat.tlog\cudacompile.write.1u.tlog
c:\users\mykha\desktop\cudalessons\rippleheat\rippleheat\debug\rippleheat.tlog\link-cvtres.read.1.tlog
c:\users\mykha\desktop\cudalessons\rippleheat\rippleheat\debug\rippleheat.tlog\link-cvtres.write.1.tlog
c:\users\mykha\desktop\cudalessons\rippleheat\rippleheat\debug\rippleheat.tlog\link-rc.read.1.tlog
c:\users\mykha\desktop\cudalessons\rippleheat\rippleheat\debug\rippleheat.tlog\link-rc.write.1.tlog
c:\users\mykha\desktop\cudalessons\rippleheat\rippleheat\debug\rippleheat.tlog\link.command.1.tlog
c:\users\mykha\desktop\cudalessons\rippleheat\rippleheat\debug\rippleheat.tlog\link.read.1.tlog
c:\users\mykha\desktop\cudalessons\rippleheat\rippleheat\debug\rippleheat.tlog\link.write.1.tlog
